2024-07-31 15:34:20.392 [main] INFO  com.sansi.Application - Starting Application v1.0-SNAPSHOT on sansideMacBook-Pro.local with PID 2489 (/Users/zens/WorkSpace/LearnTest/Chapter13/target/Chapter13-1.0-SNAPSHOT.jar started by zens in /Users/zens/WorkSpace/LearnTest/Chapter12)
2024-07-31 15:34:20.395 [main] INFO  com.sansi.Application - No active profile set, falling back to default profiles: default
2024-07-31 15:34:20.456 [main] INFO  o.s.boot.context.embedded.AnnotationConfigEmbeddedWebApplicationContext - Refreshing org.springframework.boot.context.embedded.AnnotationConfigEmbeddedWebApplicationContext@6d9c638: startup date [Wed Jul 31 15:34:20 CST 2024]; root of context hierarchy
2024-07-31 15:34:21.368 [main] WARN  org.mybatis.spring.mapper.ClassPathMapperScanner - No MyBatis mapper was found in '[com.sansi]' package. Please check your configuration.
2024-07-31 15:34:21.841 [main] INFO  o.s.context.support.PostProcessorRegistrationDelegate$BeanPostProcessorChecker - Bean 'org.springframework.transaction.annotation.ProxyTransactionManagementConfiguration' of type [org.springframework.transaction.annotation.ProxyTransactionManagementConfiguration$$EnhancerBySpringCGLIB$$7cbb2ca5] is not eligible for getting processed by all BeanPostProcessors (for example: not eligible for auto-proxying)
2024-07-31 15:34:22.121 [main] INFO  org.springframework.boot.context.embedded.tomcat.TomcatEmbeddedServletContainer - Tomcat initialized with port(s): 8080 (http)
2024-07-31 15:34:22.134 [main] INFO  org.apache.catalina.core.StandardService - Starting service Tomcat
2024-07-31 15:34:22.135 [main] INFO  org.apache.catalina.core.StandardEngine - Starting Servlet Engine: Apache Tomcat/8.5.14
2024-07-31 15:34:22.226 [localhost-startStop-1] INFO  org.apache.catalina.core.ContainerBase.[Tomcat].[localhost].[/] - Initializing Spring embedded WebApplicationContext
2024-07-31 15:34:22.226 [localhost-startStop-1] INFO  org.springframework.web.context.ContextLoader - Root WebApplicationContext: initialization completed in 1770 ms
2024-07-31 15:34:22.372 [localhost-startStop-1] INFO  org.springframework.boot.web.servlet.ServletRegistrationBean - Mapping servlet: 'dispatcherServlet' to [/]
2024-07-31 15:34:22.377 [localhost-startStop-1] INFO  org.springframework.boot.web.servlet.FilterRegistrationBean - Mapping filter: 'characterEncodingFilter' to: [/*]
2024-07-31 15:34:22.377 [localhost-startStop-1] INFO  org.springframework.boot.web.servlet.FilterRegistrationBean - Mapping filter: 'hiddenHttpMethodFilter' to: [/*]
2024-07-31 15:34:22.377 [localhost-startStop-1] INFO  org.springframework.boot.web.servlet.FilterRegistrationBean - Mapping filter: 'httpPutFormContentFilter' to: [/*]
2024-07-31 15:34:22.377 [localhost-startStop-1] INFO  org.springframework.boot.web.servlet.FilterRegistrationBean - Mapping filter: 'requestContextFilter' to: [/*]
2024-07-31 15:34:23.306 [main] INFO  o.springframework.web.servlet.mvc.method.annotation.RequestMappingHandlerMapping - Mapped "{[/v1/updateUser],methods=[POST]}" onto public int com.sansi.controller.UserManager.updateUser(javax.servlet.http.HttpServletRequest,com.sansi.model.User)
2024-07-31 15:34:23.307 [main] INFO  o.springframework.web.servlet.mvc.method.annotation.RequestMappingHandlerMapping - Mapped "{[/v1/login],methods=[POST]}" onto public java.lang.Boolean com.sansi.controller.UserManager.login(javax.servlet.http.HttpServletResponse,com.sansi.model.User)
2024-07-31 15:34:23.308 [main] INFO  o.springframework.web.servlet.mvc.method.annotation.RequestMappingHandlerMapping - Mapped "{[/v1/addUser],methods=[POST]}" onto public java.lang.Boolean com.sansi.controller.UserManager.addUser(javax.servlet.http.HttpServletRequest,com.sansi.model.User)
2024-07-31 15:34:23.308 [main] INFO  o.springframework.web.servlet.mvc.method.annotation.RequestMappingHandlerMapping - Mapped "{[/v1/getUserInfo],methods=[POST]}" onto public java.util.List<com.sansi.model.User> com.sansi.controller.UserManager.getUserInfo(javax.servlet.http.HttpServletRequest,com.sansi.model.User)
2024-07-31 15:34:23.383 [main] INFO  o.springframework.web.servlet.mvc.method.annotation.RequestMappingHandlerMapping - Mapped "{[/v2/api-docs],methods=[GET],produces=[application/json || application/hal+json]}" onto public org.springframework.http.ResponseEntity<springfox.documentation.spring.web.json.Json> springfox.documentation.swagger2.web.Swagger2Controller.getDocumentation(java.lang.String,javax.servlet.http.HttpServletRequest)
2024-07-31 15:34:23.386 [main] INFO  o.springframework.web.servlet.mvc.method.annotation.RequestMappingHandlerMapping - Mapped "{[/swagger-resources/configuration/security]}" onto org.springframework.http.ResponseEntity<springfox.documentation.swagger.web.SecurityConfiguration> springfox.documentation.swagger.web.ApiResourceController.securityConfiguration()
2024-07-31 15:34:23.387 [main] INFO  o.springframework.web.servlet.mvc.method.annotation.RequestMappingHandlerMapping - Mapped "{[/swagger-resources/configuration/ui]}" onto org.springframework.http.ResponseEntity<springfox.documentation.swagger.web.UiConfiguration> springfox.documentation.swagger.web.ApiResourceController.uiConfiguration()
2024-07-31 15:34:23.387 [main] INFO  o.springframework.web.servlet.mvc.method.annotation.RequestMappingHandlerMapping - Mapped "{[/swagger-resources]}" onto org.springframework.http.ResponseEntity<java.util.List<springfox.documentation.swagger.web.SwaggerResource>> springfox.documentation.swagger.web.ApiResourceController.swaggerResources()
2024-07-31 15:34:23.389 [main] INFO  o.springframework.web.servlet.mvc.method.annotation.RequestMappingHandlerMapping - Mapped "{[/error],produces=[text/html]}" onto public org.springframework.web.servlet.ModelAndView org.springframework.boot.autoconfigure.web.BasicErrorController.errorHtml(javax.servlet.http.HttpServletRequest,javax.servlet.http.HttpServletResponse)
2024-07-31 15:34:23.390 [main] INFO  o.springframework.web.servlet.mvc.method.annotation.RequestMappingHandlerMapping - Mapped "{[/error]}" onto public org.springframework.http.ResponseEntity<java.util.Map<java.lang.String, java.lang.Object>> org.springframework.boot.autoconfigure.web.BasicErrorController.error(javax.servlet.http.HttpServletRequest)
2024-07-31 15:34:23.565 [main] INFO  o.springframework.web.servlet.mvc.method.annotation.RequestMappingHandlerAdapter - Looking for @ControllerAdvice: org.springframework.boot.context.embedded.AnnotationConfigEmbeddedWebApplicationContext@6d9c638: startup date [Wed Jul 31 15:34:20 CST 2024]; root of context hierarchy
2024-07-31 15:34:23.622 [main] INFO  org.springframework.web.servlet.handler.SimpleUrlHandlerMapping - Mapped URL path [/webjars/**] onto handler of type [class org.springframework.web.servlet.resource.ResourceHttpRequestHandler]
2024-07-31 15:34:23.623 [main] INFO  org.springframework.web.servlet.handler.SimpleUrlHandlerMapping - Mapped URL path [/**] onto handler of type [class org.springframework.web.servlet.resource.ResourceHttpRequestHandler]
2024-07-31 15:34:23.657 [main] INFO  org.springframework.web.servlet.handler.SimpleUrlHandlerMapping - Mapped URL path [/**/favicon.ico] onto handler of type [class org.springframework.web.servlet.resource.ResourceHttpRequestHandler]
2024-07-31 15:34:23.854 [main] INFO  org.springframework.jmx.export.annotation.AnnotationMBeanExporter - Registering beans for JMX exposure on startup
2024-07-31 15:34:23.861 [main] INFO  org.springframework.context.support.DefaultLifecycleProcessor - Starting beans in phase 2147483647
2024-07-31 15:34:23.861 [main] INFO  springfox.documentation.spring.web.plugins.DocumentationPluginsBootstrapper - Context refreshed
2024-07-31 15:34:23.885 [main] INFO  springfox.documentation.spring.web.plugins.DocumentationPluginsBootstrapper - Found 1 custom documentation plugin(s)
2024-07-31 15:34:23.899 [main] INFO  springfox.documentation.spring.web.scanners.ApiListingReferenceScanner - Scanning for api listing references
2024-07-31 15:34:24.188 [main] INFO  org.springframework.boot.context.embedded.tomcat.TomcatEmbeddedServletContainer - Tomcat started on port(s): 8080 (http)
2024-07-31 15:34:24.193 [main] INFO  com.sansi.Application - Started Application in 4.231 seconds (JVM running for 4.84)
2024-07-31 15:35:07.496 [http-nio-8080-exec-1] INFO  org.apache.catalina.core.ContainerBase.[Tomcat].[localhost].[/] - Initializing Spring FrameworkServlet 'dispatcherServlet'
2024-07-31 15:35:07.496 [http-nio-8080-exec-1] INFO  org.springframework.web.servlet.DispatcherServlet - FrameworkServlet 'dispatcherServlet': initialization started
2024-07-31 15:35:07.519 [http-nio-8080-exec-1] INFO  org.springframework.web.servlet.DispatcherServlet - FrameworkServlet 'dispatcherServlet': initialization completed in 23 ms
2024-07-31 15:35:08.355 [http-nio-8080-exec-1] INFO  com.sansi.controller.UserManager - 查询到的用户是：1
2024-07-31 15:35:08.355 [http-nio-8080-exec-1] INFO  com.sansi.controller.UserManager - 登陆用户是：zhangsan
2024-07-31 15:35:08.417 [http-nio-8080-exec-2] INFO  com.sansi.controller.UserManager - 查询到的用户是：0
2024-07-31 15:35:08.461 [http-nio-8080-exec-3] INFO  com.sansi.controller.UserManager - cookies验证通过
2024-07-31 15:35:08.474 [http-nio-8080-exec-3] INFO  com.sansi.controller.UserManager - 添加用户成功：1
2024-07-31 15:35:11.542 [http-nio-8080-exec-4] INFO  com.sansi.controller.UserManager - cookies验证通过
2024-07-31 15:35:11.587 [http-nio-8080-exec-4] INFO  com.sansi.controller.UserManager - 获取到的用户数量是:1
2024-07-31 15:35:13.638 [http-nio-8080-exec-5] INFO  com.sansi.controller.UserManager - cookies验证通过
2024-07-31 15:35:13.644 [http-nio-8080-exec-5] INFO  com.sansi.controller.UserManager - 成功更新数据1条。
2024-07-31 15:35:15.679 [http-nio-8080-exec-6] INFO  com.sansi.controller.UserManager - cookies验证通过
2024-07-31 15:35:15.682 [http-nio-8080-exec-6] INFO  com.sansi.controller.UserManager - 成功更新数据1条。
2024-07-31 15:35:17.718 [http-nio-8080-exec-7] INFO  com.sansi.controller.UserManager - cookies验证通过
2024-07-31 15:35:17.725 [http-nio-8080-exec-7] INFO  com.sansi.controller.UserManager - 获取到的用户数量是:1
2024-07-31 15:51:18.538 [Thread-3] INFO  o.s.boot.context.embedded.AnnotationConfigEmbeddedWebApplicationContext - Closing org.springframework.boot.context.embedded.AnnotationConfigEmbeddedWebApplicationContext@6d9c638: startup date [Wed Jul 31 15:34:20 CST 2024]; root of context hierarchy
2024-07-31 15:51:18.546 [Thread-3] INFO  org.springframework.context.support.DefaultLifecycleProcessor - Stopping beans in phase 2147483647
2024-07-31 15:51:18.548 [Thread-3] INFO  org.springframework.jmx.export.annotation.AnnotationMBeanExporter - Unregistering JMX-exposed beans on shutdown
