2024-07-31 09:44:14.999 [main] INFO  com.sansi.Application - Starting Application on sansideMacBook-Pro.local with PID 2981 (/Users/zens/WorkSpace/LearnTest/Chapter13/target/classes started by zens in /Users/zens/WorkSpace/LearnTest)
2024-07-31 09:44:15.010 [main] INFO  com.sansi.Application - No active profile set, falling back to default profiles: default
2024-07-31 09:44:15.042 [main] INFO  o.s.boot.context.embedded.AnnotationConfigEmbeddedWebApplicationContext - Refreshing org.springframework.boot.context.embedded.AnnotationConfigEmbeddedWebApplicationContext@35e2d654: startup date [Wed Jul 31 09:44:15 CST 2024]; root of context hierarchy
2024-07-31 09:44:15.836 [main] WARN  org.mybatis.spring.mapper.ClassPathMapperScanner - No MyBatis mapper was found in '[com.sansi]' package. Please check your configuration.
2024-07-31 09:44:16.130 [main] INFO  o.s.context.support.PostProcessorRegistrationDelegate$BeanPostProcessorChecker - Bean 'org.springframework.transaction.annotation.ProxyTransactionManagementConfiguration' of type [org.springframework.transaction.annotation.ProxyTransactionManagementConfiguration$$EnhancerBySpringCGLIB$$6a1d63d5] is not eligible for getting processed by all BeanPostProcessors (for example: not eligible for auto-proxying)
2024-07-31 09:44:16.371 [main] INFO  org.springframework.boot.context.embedded.tomcat.TomcatEmbeddedServletContainer - Tomcat initialized with port(s): 8080 (http)
2024-07-31 09:44:16.378 [main] INFO  org.apache.catalina.core.StandardService - Starting service Tomcat
2024-07-31 09:44:16.378 [main] INFO  org.apache.catalina.core.StandardEngine - Starting Servlet Engine: Apache Tomcat/8.5.14
2024-07-31 09:44:16.437 [localhost-startStop-1] INFO  org.apache.catalina.core.ContainerBase.[Tomcat].[localhost].[/] - Initializing Spring embedded WebApplicationContext
2024-07-31 09:44:16.437 [localhost-startStop-1] INFO  org.springframework.web.context.ContextLoader - Root WebApplicationContext: initialization completed in 1396 ms
2024-07-31 09:44:16.548 [localhost-startStop-1] INFO  org.springframework.boot.web.servlet.ServletRegistrationBean - Mapping servlet: 'dispatcherServlet' to [/]
2024-07-31 09:44:16.550 [localhost-startStop-1] INFO  org.springframework.boot.web.servlet.FilterRegistrationBean - Mapping filter: 'characterEncodingFilter' to: [/*]
2024-07-31 09:44:16.550 [localhost-startStop-1] INFO  org.springframework.boot.web.servlet.FilterRegistrationBean - Mapping filter: 'hiddenHttpMethodFilter' to: [/*]
2024-07-31 09:44:16.550 [localhost-startStop-1] INFO  org.springframework.boot.web.servlet.FilterRegistrationBean - Mapping filter: 'httpPutFormContentFilter' to: [/*]
2024-07-31 09:44:16.550 [localhost-startStop-1] INFO  org.springframework.boot.web.servlet.FilterRegistrationBean - Mapping filter: 'requestContextFilter' to: [/*]
2024-07-31 09:44:17.151 [main] INFO  o.springframework.web.servlet.mvc.method.annotation.RequestMappingHandlerMapping - Mapped "{[/v1/updateUser],methods=[POST]}" onto public int com.sansi.controller.UserManager.updateUser(javax.servlet.http.HttpServletRequest,com.sansi.model.User)
2024-07-31 09:44:17.151 [main] INFO  o.springframework.web.servlet.mvc.method.annotation.RequestMappingHandlerMapping - Mapped "{[/v1/addUser],methods=[POST]}" onto public java.lang.Boolean com.sansi.controller.UserManager.addUser(javax.servlet.http.HttpServletRequest,com.sansi.model.User)
2024-07-31 09:44:17.152 [main] INFO  o.springframework.web.servlet.mvc.method.annotation.RequestMappingHandlerMapping - Mapped "{[/v1/login],methods=[POST]}" onto public java.lang.Boolean com.sansi.controller.UserManager.login(javax.servlet.http.HttpServletResponse,com.sansi.model.User)
2024-07-31 09:44:17.152 [main] INFO  o.springframework.web.servlet.mvc.method.annotation.RequestMappingHandlerMapping - Mapped "{[/v1/getUserInfo],methods=[POST]}" onto public java.util.List<com.sansi.model.User> com.sansi.controller.UserManager.getUserInfo(javax.servlet.http.HttpServletRequest,com.sansi.model.User)
2024-07-31 09:44:17.152 [main] INFO  o.springframework.web.servlet.mvc.method.annotation.RequestMappingHandlerMapping - Mapped "{[/v2/api-docs],methods=[GET],produces=[application/json || application/hal+json]}" onto public org.springframework.http.ResponseEntity<springfox.documentation.spring.web.json.Json> springfox.documentation.swagger2.web.Swagger2Controller.getDocumentation(java.lang.String,javax.servlet.http.HttpServletRequest)
2024-07-31 09:44:17.154 [main] INFO  o.springframework.web.servlet.mvc.method.annotation.RequestMappingHandlerMapping - Mapped "{[/swagger-resources/configuration/security]}" onto org.springframework.http.ResponseEntity<springfox.documentation.swagger.web.SecurityConfiguration> springfox.documentation.swagger.web.ApiResourceController.securityConfiguration()
2024-07-31 09:44:17.155 [main] INFO  o.springframework.web.servlet.mvc.method.annotation.RequestMappingHandlerMapping - Mapped "{[/swagger-resources/configuration/ui]}" onto org.springframework.http.ResponseEntity<springfox.documentation.swagger.web.UiConfiguration> springfox.documentation.swagger.web.ApiResourceController.uiConfiguration()
2024-07-31 09:44:17.155 [main] INFO  o.springframework.web.servlet.mvc.method.annotation.RequestMappingHandlerMapping - Mapped "{[/swagger-resources]}" onto org.springframework.http.ResponseEntity<java.util.List<springfox.documentation.swagger.web.SwaggerResource>> springfox.documentation.swagger.web.ApiResourceController.swaggerResources()
2024-07-31 09:44:17.157 [main] INFO  o.springframework.web.servlet.mvc.method.annotation.RequestMappingHandlerMapping - Mapped "{[/error],produces=[text/html]}" onto public org.springframework.web.servlet.ModelAndView org.springframework.boot.autoconfigure.web.BasicErrorController.errorHtml(javax.servlet.http.HttpServletRequest,javax.servlet.http.HttpServletResponse)
2024-07-31 09:44:17.158 [main] INFO  o.springframework.web.servlet.mvc.method.annotation.RequestMappingHandlerMapping - Mapped "{[/error]}" onto public org.springframework.http.ResponseEntity<java.util.Map<java.lang.String, java.lang.Object>> org.springframework.boot.autoconfigure.web.BasicErrorController.error(javax.servlet.http.HttpServletRequest)
2024-07-31 09:44:17.275 [main] INFO  o.springframework.web.servlet.mvc.method.annotation.RequestMappingHandlerAdapter - Looking for @ControllerAdvice: org.springframework.boot.context.embedded.AnnotationConfigEmbeddedWebApplicationContext@35e2d654: startup date [Wed Jul 31 09:44:15 CST 2024]; root of context hierarchy
2024-07-31 09:44:17.310 [main] INFO  org.springframework.web.servlet.handler.SimpleUrlHandlerMapping - Mapped URL path [/webjars/**] onto handler of type [class org.springframework.web.servlet.resource.ResourceHttpRequestHandler]
2024-07-31 09:44:17.310 [main] INFO  org.springframework.web.servlet.handler.SimpleUrlHandlerMapping - Mapped URL path [/**] onto handler of type [class org.springframework.web.servlet.resource.ResourceHttpRequestHandler]
2024-07-31 09:44:17.334 [main] INFO  org.springframework.web.servlet.handler.SimpleUrlHandlerMapping - Mapped URL path [/**/favicon.ico] onto handler of type [class org.springframework.web.servlet.resource.ResourceHttpRequestHandler]
2024-07-31 09:44:17.509 [main] INFO  org.springframework.jmx.export.annotation.AnnotationMBeanExporter - Registering beans for JMX exposure on startup
2024-07-31 09:44:17.515 [main] INFO  org.springframework.context.support.DefaultLifecycleProcessor - Starting beans in phase 2147483647
2024-07-31 09:44:17.515 [main] INFO  springfox.documentation.spring.web.plugins.DocumentationPluginsBootstrapper - Context refreshed
2024-07-31 09:44:17.531 [main] INFO  springfox.documentation.spring.web.plugins.DocumentationPluginsBootstrapper - Found 1 custom documentation plugin(s)
2024-07-31 09:44:17.539 [main] INFO  springfox.documentation.spring.web.scanners.ApiListingReferenceScanner - Scanning for api listing references
2024-07-31 09:44:17.824 [main] INFO  org.springframework.boot.context.embedded.tomcat.TomcatEmbeddedServletContainer - Tomcat started on port(s): 8080 (http)
2024-07-31 09:44:17.829 [main] INFO  com.sansi.Application - Started Application in 3.057 seconds (JVM running for 3.658)
2024-07-31 09:44:29.670 [http-nio-8080-exec-1] INFO  org.apache.catalina.core.ContainerBase.[Tomcat].[localhost].[/] - Initializing Spring FrameworkServlet 'dispatcherServlet'
2024-07-31 09:44:29.670 [http-nio-8080-exec-1] INFO  org.springframework.web.servlet.DispatcherServlet - FrameworkServlet 'dispatcherServlet': initialization started
2024-07-31 09:44:29.686 [http-nio-8080-exec-1] INFO  org.springframework.web.servlet.DispatcherServlet - FrameworkServlet 'dispatcherServlet': initialization completed in 16 ms
2024-07-31 09:44:30.128 [http-nio-8080-exec-1] INFO  com.sansi.controller.UserManager - 查询到的用户是：1
2024-07-31 09:44:30.128 [http-nio-8080-exec-1] INFO  com.sansi.controller.UserManager - 登陆用户是：zhangsan
2024-07-31 09:44:30.207 [http-nio-8080-exec-2] INFO  com.sansi.controller.UserManager - 查询到的用户是：0
2024-07-31 09:44:30.245 [http-nio-8080-exec-3] INFO  com.sansi.controller.UserManager - cookies验证通过
2024-07-31 09:44:30.250 [http-nio-8080-exec-3] INFO  com.sansi.controller.UserManager - 添加用户成功：1
2024-07-31 09:44:33.304 [http-nio-8080-exec-4] INFO  com.sansi.controller.UserManager - cookies验证通过
2024-07-31 09:44:33.337 [http-nio-8080-exec-4] INFO  com.sansi.controller.UserManager - 获取到的用户数量是:1
2024-07-31 09:44:35.417 [http-nio-8080-exec-5] INFO  com.sansi.controller.UserManager - cookies验证通过
2024-07-31 09:44:35.421 [http-nio-8080-exec-5] INFO  com.sansi.controller.UserManager - 成功更新数据1条。
2024-07-31 09:44:37.464 [http-nio-8080-exec-6] INFO  com.sansi.controller.UserManager - cookies验证通过
2024-07-31 09:44:37.466 [http-nio-8080-exec-6] INFO  com.sansi.controller.UserManager - 成功更新数据1条。
2024-07-31 09:44:39.518 [http-nio-8080-exec-7] INFO  com.sansi.controller.UserManager - cookies验证通过
2024-07-31 09:44:39.522 [http-nio-8080-exec-7] INFO  com.sansi.controller.UserManager - 获取到的用户数量是:1
2024-07-31 09:46:00.978 [http-nio-8080-exec-9] INFO  com.sansi.controller.UserManager - 查询到的用户是：1
2024-07-31 09:46:00.978 [http-nio-8080-exec-9] INFO  com.sansi.controller.UserManager - 登陆用户是：zhangsan
2024-07-31 09:46:01.036 [http-nio-8080-exec-10] INFO  com.sansi.controller.UserManager - 查询到的用户是：0
2024-07-31 09:46:01.073 [http-nio-8080-exec-1] INFO  com.sansi.controller.UserManager - cookies验证通过
2024-07-31 09:46:01.077 [http-nio-8080-exec-1] INFO  com.sansi.controller.UserManager - 添加用户成功：1
2024-07-31 09:46:04.151 [http-nio-8080-exec-2] INFO  com.sansi.controller.UserManager - cookies验证通过
2024-07-31 09:46:04.153 [http-nio-8080-exec-2] INFO  com.sansi.controller.UserManager - 获取到的用户数量是:1
2024-07-31 09:46:06.242 [http-nio-8080-exec-3] INFO  com.sansi.controller.UserManager - cookies验证通过
2024-07-31 09:46:06.246 [http-nio-8080-exec-3] INFO  com.sansi.controller.UserManager - 成功更新数据1条。
2024-07-31 09:46:08.286 [http-nio-8080-exec-4] INFO  com.sansi.controller.UserManager - cookies验证通过
2024-07-31 09:46:08.288 [http-nio-8080-exec-4] INFO  com.sansi.controller.UserManager - 成功更新数据1条。
2024-07-31 09:46:10.341 [http-nio-8080-exec-5] INFO  com.sansi.controller.UserManager - cookies验证通过
2024-07-31 09:46:10.344 [http-nio-8080-exec-5] INFO  com.sansi.controller.UserManager - 获取到的用户数量是:1
2024-07-31 09:48:45.312 [http-nio-8080-exec-7] INFO  com.sansi.controller.UserManager - 查询到的用户是：1
2024-07-31 09:48:45.312 [http-nio-8080-exec-7] INFO  com.sansi.controller.UserManager - 登陆用户是：zhangsan
2024-07-31 09:48:45.413 [http-nio-8080-exec-8] INFO  com.sansi.controller.UserManager - 查询到的用户是：0
2024-07-31 09:48:45.444 [http-nio-8080-exec-9] INFO  com.sansi.controller.UserManager - cookies验证通过
2024-07-31 09:48:45.446 [http-nio-8080-exec-9] INFO  com.sansi.controller.UserManager - 添加用户成功：1
2024-07-31 09:48:48.485 [http-nio-8080-exec-10] INFO  com.sansi.controller.UserManager - cookies验证通过
2024-07-31 09:48:48.489 [http-nio-8080-exec-10] INFO  com.sansi.controller.UserManager - 获取到的用户数量是:1
2024-07-31 09:48:50.521 [http-nio-8080-exec-1] INFO  com.sansi.controller.UserManager - cookies验证通过
2024-07-31 09:48:50.523 [http-nio-8080-exec-1] INFO  com.sansi.controller.UserManager - 成功更新数据1条。
2024-07-31 09:48:52.551 [http-nio-8080-exec-2] INFO  com.sansi.controller.UserManager - cookies验证通过
2024-07-31 09:48:52.553 [http-nio-8080-exec-2] INFO  com.sansi.controller.UserManager - 成功更新数据1条。
2024-07-31 09:48:54.617 [http-nio-8080-exec-3] INFO  com.sansi.controller.UserManager - cookies验证通过
2024-07-31 09:48:54.622 [http-nio-8080-exec-3] INFO  com.sansi.controller.UserManager - 获取到的用户数量是:1
2024-07-31 09:51:22.169 [Thread-7] INFO  o.s.boot.context.embedded.AnnotationConfigEmbeddedWebApplicationContext - Closing org.springframework.boot.context.embedded.AnnotationConfigEmbeddedWebApplicationContext@35e2d654: startup date [Wed Jul 31 09:44:15 CST 2024]; root of context hierarchy
2024-07-31 09:51:22.171 [Thread-7] INFO  org.springframework.context.support.DefaultLifecycleProcessor - Stopping beans in phase 2147483647
2024-07-31 09:51:22.172 [Thread-7] INFO  org.springframework.jmx.export.annotation.AnnotationMBeanExporter - Unregistering JMX-exposed beans on shutdown
